==2709== Memcheck, a memory error detector
==2709== Copyright (C) 2002-2017, and GNU GPL'd, by Julian Seward et al.
==2709== Using Valgrind-3.18.1 and LibVEX; rerun with -h for copyright info
==2709== Command: ./build/1_4
==2709== Parent PID: 2707
==2709== 
==2709== Conditional jump or move depends on uninitialised value(s)
==2709==    at 0x403088: Buffer<int>::Buffer(Buffer<int> const&) (in /HW/build/1_4)
==2709==    by 0x402517: Heap<Buffer<int>, BufferComparator<int> >::pushBack(Buffer<int> const&) (in /HW/build/1_4)
==2709==    by 0x4021D3: testHeap() (in /HW/build/1_4)
==2709==    by 0x4022EF: main (in /HW/build/1_4)
==2709==  Uninitialised value was created by a stack allocation
==2709==    at 0x4024F4: Heap<Buffer<int>, BufferComparator<int> >::pushBack(Buffer<int> const&) (in /HW/build/1_4)
==2709== 
==2709== Conditional jump or move depends on uninitialised value(s)
==2709==    at 0x403098: Buffer<int>::Buffer(Buffer<int> const&) (in /HW/build/1_4)
==2709==    by 0x402517: Heap<Buffer<int>, BufferComparator<int> >::pushBack(Buffer<int> const&) (in /HW/build/1_4)
==2709==    by 0x4021D3: testHeap() (in /HW/build/1_4)
==2709==    by 0x4022EF: main (in /HW/build/1_4)
==2709==  Uninitialised value was created by a stack allocation
==2709==    at 0x4024F4: Heap<Buffer<int>, BufferComparator<int> >::pushBack(Buffer<int> const&) (in /HW/build/1_4)
==2709== 
==2709== Conditional jump or move depends on uninitialised value(s)
==2709==    at 0x484F7B8: operator delete[](void*) (vg_replace_malloc.c:1103)
==2709==    by 0x4030A7: Buffer<int>::Buffer(Buffer<int> const&) (in /HW/build/1_4)
==2709==    by 0x402517: Heap<Buffer<int>, BufferComparator<int> >::pushBack(Buffer<int> const&) (in /HW/build/1_4)
==2709==    by 0x4021D3: testHeap() (in /HW/build/1_4)
==2709==    by 0x4022EF: main (in /HW/build/1_4)
==2709==  Uninitialised value was created by a stack allocation
==2709==    at 0x4024F4: Heap<Buffer<int>, BufferComparator<int> >::pushBack(Buffer<int> const&) (in /HW/build/1_4)
==2709== 
==2709== Invalid free() / delete / delete[] / realloc()
==2709==    at 0x484F804: operator delete[](void*) (vg_replace_malloc.c:1103)
==2709==    by 0x4030A7: Buffer<int>::Buffer(Buffer<int> const&) (in /HW/build/1_4)
==2709==    by 0x402517: Heap<Buffer<int>, BufferComparator<int> >::pushBack(Buffer<int> const&) (in /HW/build/1_4)
==2709==    by 0x4021D3: testHeap() (in /HW/build/1_4)
==2709==    by 0x4022EF: main (in /HW/build/1_4)
==2709==  Address 0x1fff000848 is on thread 1's stack
==2709==  in frame #3, created by testHeap() (???:)
==2709== 
==2709== 
==2709== HEAP SUMMARY:
==2709==     in use at exit: 0 bytes in 0 blocks
==2709==   total heap usage: 19 allocs, 22 frees, 74,320 bytes allocated
==2709== 
==2709== All heap blocks were freed -- no leaks are possible
==2709== 
==2709== For lists of detected and suppressed errors, rerun with: -s
==2709== ERROR SUMMARY: 12 errors from 4 contexts (suppressed: 0 from 0)
